2013-06-18 22:33:49,585 259   INFO  [DefaultRequestHandler.java: 112] (Thread-11:) Requesting http://api.xively.com/v2/feeds/1059467473/datastreams/power/datapoints/null
2013-06-18 22:33:50,380 1054  INFO  [DefaultResponseHandler.java: 37] (Thread-11:) Handling response [404]
2013-06-18 22:48:07,042 223   INFO  [DefaultRequestHandler.java: 112] (Thread-11:) Requesting http://api.xively.com/v2/feeds/1059467473/datastreams/power/datapoints
2013-06-18 22:48:07,824 1005  INFO  [DefaultResponseHandler.java: 37] (Thread-11:) Handling response [401]
2013-06-18 22:49:43,496 213   INFO  [DefaultRequestHandler.java: 112] (Thread-11:) Requesting http://api.xively.com/v2/feeds/1059467473/datastreams/power/datapoints/null
2013-06-18 22:49:44,211 928   INFO  [DefaultResponseHandler.java: 37] (Thread-11:) Handling response [404]
2013-06-18 22:51:30,684 214   INFO  [DefaultRequestHandler.java: 112] (Thread-11:) Requesting http://api.xively.com/v2/feeds/1059467473/datastreams/power/datapoints/Tue%20Jun%2018%2022:51:30%20BST%202013
2013-06-18 22:51:31,360 890   INFO  [DefaultResponseHandler.java: 37] (Thread-11:) Handling response [400]
2013-06-18 22:56:41,514 209   INFO  [DefaultRequestHandler.java: 112] (Thread-11:) Requesting http://api.xively.com/v2/feeds/1059467473/datastreams/power/datapoints/2013-06-18T22:56Z
2013-06-18 22:56:42,171 866   INFO  [DefaultResponseHandler.java: 37] (Thread-11:) Handling response [404]
2013-06-18 23:00:37,371 262   INFO  [DefaultRequestHandler.java: 112] (Thread-11:) Requesting http://api.xively.com/v2/feeds/1059467473/datastreams/power/datapoints/2013-06-18T23:00Z
2013-06-18 23:00:38,040 931   INFO  [DefaultResponseHandler.java: 37] (Thread-11:) Handling response [404]
2013-06-18 23:08:45,022 240   INFO  [DefaultRequestHandler.java: 112] (Thread-11:) Requesting http://api.xively.com/v2/feeds/1059467473/datastreams/Power/datapoints/null
2013-06-18 23:08:45,802 1020  INFO  [DefaultResponseHandler.java: 37] (Thread-11:) Handling response [404]
2013-06-18 23:10:32,212 251   INFO  [DefaultRequestHandler.java: 112] (Thread-11:) Requesting http://api.xively.com/v2/feeds/1059467473/datastreams/Power/datapoints
2013-06-18 23:10:32,934 973   INFO  [DefaultResponseHandler.java: 37] (Thread-11:) Handling response [401]
2013-06-18 23:15:48,397 224   INFO  [DefaultRequestHandler.java: 112] (Thread-11:) Requesting http://api.xively.com/v2/feeds/1059467473/datastreams/power/datapoints
2013-06-18 23:15:49,106 933   INFO  [DefaultResponseHandler.java: 37] (Thread-11:) Handling response [401]
2013-06-18 23:19:28,138 228   INFO  [DefaultRequestHandler.java: 112] (Thread-11:) Requesting http://api.xively.com/v2/feeds/1059467473/datastreams/power/datapoints
2013-06-18 23:19:28,927 1017  INFO  [DefaultResponseHandler.java: 37] (Thread-11:) Handling response [401]
2013-06-18 23:21:42,092 216   INFO  [DefaultRequestHandler.java: 112] (Thread-11:) Requesting http://api.xively.com/v2/feeds/1059467473/datastreams/power/datapoints/null
2013-06-18 23:21:42,783 907   INFO  [DefaultResponseHandler.java: 37] (Thread-11:) Handling response [404]
2013-06-18 23:24:38,964 220   INFO  [DefaultRequestHandler.java: 112] (Thread-11:) Requesting http://api.xively.com/v2/feeds/1059467473/datastreams/power/datapoints
2013-06-18 23:24:39,680 936   INFO  [DefaultResponseHandler.java: 37] (Thread-11:) Handling response [401]
2013-06-18 23:27:25,080 214   INFO  [DefaultRequestHandler.java: 112] (Thread-11:) Requesting http://api.xively.com/v2/feeds/1059467473/datastreams/power/datapoints
2013-06-18 23:27:25,782 916   INFO  [DefaultResponseHandler.java: 37] (Thread-11:) Handling response [401]
2013-06-18 23:42:20,116 241   INFO  [DefaultRequestHandler.java: 112] (Thread-11:) Requesting http://api.xively.com/v2/feeds/1059467473/datastreams/power/datapoints
2013-06-18 23:42:20,801 926   INFO  [DefaultResponseHandler.java: 37] (Thread-11:) Handling response [401]
2013-06-19 07:01:53,540 228   INFO  [DefaultRequestHandler.java: 112] (Thread-11:) Requesting http://api.xively.com/v2/feeds/1059467473/datastreams/power/datapoints
2013-06-19 07:01:54,338 1026  INFO  [DefaultResponseHandler.java: 37] (Thread-11:) Handling response [401]
2013-06-19 07:11:37,712 228   INFO  [DefaultRequestHandler.java: 112] (Thread-11:) Requesting http://api.xively.com/v2/feeds/1059467473/datastreams/power/datapoints
2013-06-19 07:11:38,377 893   INFO  [DefaultResponseHandler.java: 37] (Thread-11:) Handling response [401]
2013-06-19 07:11:42,831 5347  INFO  [DefaultRequestHandler.java: 112] (Thread-11:) Requesting http://api.xively.com/v2/feeds/1059467473/datastreams/energy/datapoints
2013-06-19 07:11:43,075 5591  INFO  [DefaultResponseHandler.java: 37] (Thread-11:) Handling response [401]
2013-06-19 07:11:43,077 5593  INFO  [DefaultRequestHandler.java: 112] (Thread-11:) Requesting http://api.xively.com/v2/feeds/1059467473/datastreams/power/datapoints
2013-06-19 07:26:16,579 207   INFO  [DefaultRequestHandler.java: 112] (Thread-11:) Requesting http://api.xively.com/v2/feeds/1059467473/datastreams/power/datapoints
2013-06-19 07:26:17,215 843   INFO  [DefaultResponseHandler.java: 37] (Thread-11:) Handling response [401]
2013-06-19 07:47:26,496 4     INFO  [DefaultRequestHandler.java: 112] (Thread-11:) Requesting http://api.xively.com/v2/feeds/1059467473.json
2013-06-19 07:47:27,295 803   INFO  [DefaultResponseHandler.java: 37] (Thread-11:) Handling response [401]
2013-06-19 07:47:31,832 5340  INFO  [DefaultRequestHandler.java: 112] (Thread-11:) Requesting http://api.xively.com/v2/feeds/1059467473.json
2013-06-19 07:47:32,088 5596  INFO  [DefaultResponseHandler.java: 37] (Thread-11:) Handling response [401]
2013-06-19 07:47:32,090 5598  INFO  [DefaultRequestHandler.java: 112] (Thread-11:) Requesting http://api.xively.com/v2/feeds/1059467473.json
2013-06-19 07:47:32,305 5813  INFO  [DefaultResponseHandler.java: 37] (Thread-11:) Handling response [401]
2013-06-19 08:52:12,194 258   INFO  [DefaultRequestHandler.java: 112] (Thread-11:) Requesting http://api.xively.com/v2/feeds/1059467473/datastreams/power/datapoints
2013-06-19 08:52:13,454 1518  INFO  [DefaultResponseHandler.java: 37] (Thread-11:) Handling response [200]
2013-06-19 08:52:13,459 1523  INFO  [DefaultRequestHandler.java: 112] (Thread-11:) Requesting http://api.xively.com/v2/feeds/1059467473/datastreams/power/datapoints/2013-06-19T08:52Z.json
2013-06-19 08:52:13,692 1756  INFO  [DefaultResponseHandler.java: 37] (Thread-11:) Handling response [403]
2013-06-19 08:52:17,275 5339  INFO  [DefaultRequestHandler.java: 112] (Thread-11:) Requesting http://api.xively.com/v2/feeds/1059467473/datastreams/energy/datapoints
2013-06-19 08:52:17,631 5695  INFO  [DefaultResponseHandler.java: 37] (Thread-11:) Handling response [200]
2013-06-19 08:52:17,633 5697  INFO  [DefaultRequestHandler.java: 112] (Thread-11:) Requesting http://api.xively.com/v2/feeds/1059467473/datastreams/energy/datapoints/2013-06-19T08:52Z.json
2013-06-19 08:52:17,843 5907  INFO  [DefaultResponseHandler.java: 37] (Thread-11:) Handling response [403]
2013-06-19 08:52:17,847 5911  INFO  [DefaultRequestHandler.java: 112] (Thread-11:) Requesting http://api.xively.com/v2/feeds/1059467473/datastreams/power/datapoints
2013-06-19 08:52:18,251 6315  INFO  [DefaultResponseHandler.java: 37] (Thread-11:) Handling response [200]
2013-06-19 08:52:18,252 6316  INFO  [DefaultRequestHandler.java: 112] (Thread-11:) Requesting http://api.xively.com/v2/feeds/1059467473/datastreams/power/datapoints/2013-06-19T08:52Z.json
2013-06-19 08:52:18,510 6574  INFO  [DefaultResponseHandler.java: 37] (Thread-11:) Handling response [403]
2013-06-19 08:52:22,639 10703 INFO  [DefaultRequestHandler.java: 112] (Thread-11:) Requesting http://api.xively.com/v2/feeds/1059467473/datastreams/energy/datapoints
2013-06-19 08:52:23,133 11197 INFO  [DefaultResponseHandler.java: 37] (Thread-11:) Handling response [200]
2013-06-19 08:52:23,134 11198 INFO  [DefaultRequestHandler.java: 112] (Thread-11:) Requesting http://api.xively.com/v2/feeds/1059467473/datastreams/energy/datapoints/2013-06-19T08:52Z.json
2013-06-19 08:52:23,393 11457 INFO  [DefaultResponseHandler.java: 37] (Thread-11:) Handling response [403]
2013-06-19 08:52:23,397 11461 INFO  [DefaultRequestHandler.java: 112] (Thread-11:) Requesting http://api.xively.com/v2/feeds/1059467473/datastreams/power/datapoints
2013-06-19 08:52:23,832 11896 INFO  [DefaultResponseHandler.java: 37] (Thread-11:) Handling response [200]
2013-06-19 08:52:23,833 11897 INFO  [DefaultRequestHandler.java: 112] (Thread-11:) Requesting http://api.xively.com/v2/feeds/1059467473/datastreams/power/datapoints/2013-06-19T08:52Z.json
2013-06-19 08:52:24,042 12106 INFO  [DefaultResponseHandler.java: 37] (Thread-11:) Handling response [403]
2013-06-19 08:52:27,989 16053 INFO  [DefaultRequestHandler.java: 112] (Thread-11:) Requesting http://api.xively.com/v2/feeds/1059467473/datastreams/energy/datapoints
2013-06-19 08:52:28,417 16481 INFO  [DefaultResponseHandler.java: 37] (Thread-11:) Handling response [200]
2013-06-19 08:52:28,418 16482 INFO  [DefaultRequestHandler.java: 112] (Thread-11:) Requesting http://api.xively.com/v2/feeds/1059467473/datastreams/energy/datapoints/2013-06-19T08:52Z.json
2013-06-19 08:52:28,642 16706 INFO  [DefaultResponseHandler.java: 37] (Thread-11:) Handling response [403]
2013-06-19 08:52:28,646 16710 INFO  [DefaultRequestHandler.java: 112] (Thread-11:) Requesting http://api.xively.com/v2/feeds/1059467473/datastreams/power/datapoints
2013-06-19 08:52:29,059 17123 INFO  [DefaultResponseHandler.java: 37] (Thread-11:) Handling response [200]
2013-06-19 08:52:29,060 17124 INFO  [DefaultRequestHandler.java: 112] (Thread-11:) Requesting http://api.xively.com/v2/feeds/1059467473/datastreams/power/datapoints/2013-06-19T08:52Z.json
2013-06-19 08:52:29,404 17468 INFO  [DefaultResponseHandler.java: 37] (Thread-11:) Handling response [403]
2013-06-19 08:52:33,354 21418 INFO  [DefaultRequestHandler.java: 112] (Thread-11:) Requesting http://api.xively.com/v2/feeds/1059467473/datastreams/energy/datapoints
2013-06-19 08:52:33,886 21950 INFO  [DefaultResponseHandler.java: 37] (Thread-11:) Handling response [200]
2013-06-19 08:52:33,887 21951 INFO  [DefaultRequestHandler.java: 112] (Thread-11:) Requesting http://api.xively.com/v2/feeds/1059467473/datastreams/energy/datapoints/2013-06-19T08:52Z.json
2013-06-19 08:52:34,124 22188 INFO  [DefaultResponseHandler.java: 37] (Thread-11:) Handling response [403]
2013-06-19 08:52:34,127 22191 INFO  [DefaultRequestHandler.java: 112] (Thread-11:) Requesting http://api.xively.com/v2/feeds/1059467473/datastreams/power/datapoints
2013-06-19 08:52:34,540 22604 INFO  [DefaultResponseHandler.java: 37] (Thread-11:) Handling response [200]
2013-06-19 08:52:34,541 22605 INFO  [DefaultRequestHandler.java: 112] (Thread-11:) Requesting http://api.xively.com/v2/feeds/1059467473/datastreams/power/datapoints/2013-06-19T08:52Z.json
2013-06-19 08:52:34,756 22820 INFO  [DefaultResponseHandler.java: 37] (Thread-11:) Handling response [403]
2013-06-19 08:52:38,718 26782 INFO  [DefaultRequestHandler.java: 112] (Thread-11:) Requesting http://api.xively.com/v2/feeds/1059467473/datastreams/energy/datapoints
2013-06-19 08:52:39,170 27234 INFO  [DefaultResponseHandler.java: 37] (Thread-11:) Handling response [200]
2013-06-19 08:52:39,172 27236 INFO  [DefaultRequestHandler.java: 112] (Thread-11:) Requesting http://api.xively.com/v2/feeds/1059467473/datastreams/energy/datapoints/2013-06-19T08:52Z.json
2013-06-19 08:52:39,574 27638 INFO  [DefaultResponseHandler.java: 37] (Thread-11:) Handling response [403]
2013-06-19 08:52:39,577 27641 INFO  [DefaultRequestHandler.java: 112] (Thread-11:) Requesting http://api.xively.com/v2/feeds/1059467473/datastreams/power/datapoints
2013-06-19 08:52:40,203 28267 INFO  [DefaultResponseHandler.java: 37] (Thread-11:) Handling response [200]
2013-06-19 08:52:40,204 28268 INFO  [DefaultRequestHandler.java: 112] (Thread-11:) Requesting http://api.xively.com/v2/feeds/1059467473/datastreams/power/datapoints/2013-06-19T08:52Z.json
2013-06-19 08:52:40,421 28485 INFO  [DefaultResponseHandler.java: 37] (Thread-11:) Handling response [403]
2013-06-19 08:52:44,068 32132 INFO  [DefaultRequestHandler.java: 112] (Thread-11:) Requesting http://api.xively.com/v2/feeds/1059467473/datastreams/energy/datapoints
2013-06-19 08:52:44,743 32807 INFO  [DefaultResponseHandler.java: 37] (Thread-11:) Handling response [200]
2013-06-19 08:52:44,744 32808 INFO  [DefaultRequestHandler.java: 112] (Thread-11:) Requesting http://api.xively.com/v2/feeds/1059467473/datastreams/energy/datapoints/2013-06-19T08:52Z.json
2013-06-19 08:52:44,958 33022 INFO  [DefaultResponseHandler.java: 37] (Thread-11:) Handling response [403]
2013-06-19 08:52:44,961 33025 INFO  [DefaultRequestHandler.java: 112] (Thread-11:) Requesting http://api.xively.com/v2/feeds/1059467473/datastreams/power/datapoints
2013-06-19 08:52:45,549 33613 INFO  [DefaultResponseHandler.java: 37] (Thread-11:) Handling response [200]
2013-06-19 08:52:45,550 33614 INFO  [DefaultRequestHandler.java: 112] (Thread-11:) Requesting http://api.xively.com/v2/feeds/1059467473/datastreams/power/datapoints/2013-06-19T08:52Z.json
2013-06-19 08:52:45,864 33928 INFO  [DefaultResponseHandler.java: 37] (Thread-11:) Handling response [403]
2013-06-19 08:52:49,432 37496 INFO  [DefaultRequestHandler.java: 112] (Thread-11:) Requesting http://api.xively.com/v2/feeds/1059467473/datastreams/energy/datapoints
2013-06-19 09:00:35,931 222   INFO  [DefaultRequestHandler.java: 112] (Thread-11:) Requesting http://api.xively.com/v2/feeds/1059467473/datastreams/power/datapoints
2013-06-19 09:00:36,811 1102  INFO  [DefaultResponseHandler.java: 37] (Thread-11:) Handling response [200]
2013-06-19 09:00:36,816 1107  INFO  [DefaultRequestHandler.java: 112] (Thread-11:) Requesting http://api.xively.com/v2/feeds/1059467473/datastreams/power/datapoints/2013-06-19T09:00Z.json
2013-06-19 09:00:37,058 1349  INFO  [DefaultResponseHandler.java: 37] (Thread-11:) Handling response [403]
2013-06-19 09:00:41,045 5336  INFO  [DefaultRequestHandler.java: 112] (Thread-11:) Requesting http://api.xively.com/v2/feeds/1059467473/datastreams/power/datapoints
2013-06-19 09:00:41,594 5885  INFO  [DefaultResponseHandler.java: 37] (Thread-11:) Handling response [200]
2013-06-19 09:00:41,595 5886  INFO  [DefaultRequestHandler.java: 112] (Thread-11:) Requesting http://api.xively.com/v2/feeds/1059467473/datastreams/power/datapoints/2013-06-19T09:00Z.json
2013-06-19 09:00:41,825 6116  INFO  [DefaultResponseHandler.java: 37] (Thread-11:) Handling response [403]
2013-06-19 09:00:46,392 10683 INFO  [DefaultRequestHandler.java: 112] (Thread-11:) Requesting http://api.xively.com/v2/feeds/1059467473/datastreams/power/datapoints
2013-06-19 09:00:46,773 11064 INFO  [DefaultResponseHandler.java: 37] (Thread-11:) Handling response [200]
2013-06-19 09:00:46,774 11065 INFO  [DefaultRequestHandler.java: 112] (Thread-11:) Requesting http://api.xively.com/v2/feeds/1059467473/datastreams/power/datapoints/2013-06-19T09:00Z.json
2013-06-19 09:00:47,016 11307 INFO  [DefaultResponseHandler.java: 37] (Thread-11:) Handling response [403]
2013-06-19 09:00:51,757 16048 INFO  [DefaultRequestHandler.java: 112] (Thread-11:) Requesting http://api.xively.com/v2/feeds/1059467473/datastreams/power/datapoints
2013-06-19 09:00:52,255 16546 INFO  [DefaultResponseHandler.java: 37] (Thread-11:) Handling response [200]
2013-06-19 09:00:52,257 16548 INFO  [DefaultRequestHandler.java: 112] (Thread-11:) Requesting http://api.xively.com/v2/feeds/1059467473/datastreams/power/datapoints/2013-06-19T09:00Z.json
2013-06-19 09:00:52,461 16752 INFO  [DefaultResponseHandler.java: 37] (Thread-11:) Handling response [403]
2013-06-19 09:00:57,123 21414 INFO  [DefaultRequestHandler.java: 112] (Thread-11:) Requesting http://api.xively.com/v2/feeds/1059467473/datastreams/power/datapoints
2013-06-19 09:00:57,557 21848 INFO  [DefaultResponseHandler.java: 37] (Thread-11:) Handling response [200]
2013-06-19 09:00:57,558 21849 INFO  [DefaultRequestHandler.java: 112] (Thread-11:) Requesting http://api.xively.com/v2/feeds/1059467473/datastreams/power/datapoints/2013-06-19T09:00Z.json
2013-06-19 09:00:57,761 22052 INFO  [DefaultResponseHandler.java: 37] (Thread-11:) Handling response [403]
2013-06-19 09:04:10,292 219   INFO  [DefaultRequestHandler.java: 112] (Thread-11:) Requesting http://api.xively.com/v2/feeds/1059467473/datastreams/power/datapoints
2013-06-19 09:04:11,375 1302  INFO  [DefaultResponseHandler.java: 37] (Thread-11:) Handling response [200]
2013-06-19 09:04:11,380 1307  INFO  [DefaultRequestHandler.java: 112] (Thread-11:) Requesting http://api.xively.com/v2/feeds/1059467473/datastreams/power/datapoints/2013-06-19T09:04:10Z.json
2013-06-19 09:04:11,795 1722  INFO  [DefaultResponseHandler.java: 37] (Thread-11:) Handling response [200]
2013-06-19 09:04:15,409 5336  INFO  [DefaultRequestHandler.java: 112] (Thread-11:) Requesting http://api.xively.com/v2/feeds/1059467473/datastreams/energy/datapoints
2013-06-19 09:04:16,088 6015  INFO  [DefaultResponseHandler.java: 37] (Thread-11:) Handling response [200]
2013-06-19 09:04:16,089 6016  INFO  [DefaultRequestHandler.java: 112] (Thread-11:) Requesting http://api.xively.com/v2/feeds/1059467473/datastreams/energy/datapoints/2013-06-19T09:04:15Z.json
2013-06-19 09:04:16,941 6868  INFO  [DefaultResponseHandler.java: 37] (Thread-11:) Handling response [200]
2013-06-19 09:04:16,944 6871  INFO  [DefaultRequestHandler.java: 112] (Thread-11:) Requesting http://api.xively.com/v2/feeds/1059467473/datastreams/power/datapoints
2013-06-19 09:04:17,841 7768  INFO  [DefaultResponseHandler.java: 37] (Thread-11:) Handling response [200]
2013-06-19 09:04:17,843 7770  INFO  [DefaultRequestHandler.java: 112] (Thread-11:) Requesting http://api.xively.com/v2/feeds/1059467473/datastreams/power/datapoints/2013-06-19T09:04:16Z.json
2013-06-19 09:04:18,137 8064  INFO  [DefaultResponseHandler.java: 37] (Thread-11:) Handling response [200]
2013-06-19 09:04:20,773 10700 INFO  [DefaultRequestHandler.java: 112] (Thread-11:) Requesting http://api.xively.com/v2/feeds/1059467473/datastreams/energy/datapoints
2013-06-19 09:04:21,162 11089 INFO  [DefaultResponseHandler.java: 37] (Thread-11:) Handling response [200]
2013-06-19 09:04:21,163 11090 INFO  [DefaultRequestHandler.java: 112] (Thread-11:) Requesting http://api.xively.com/v2/feeds/1059467473/datastreams/energy/datapoints/2013-06-19T09:04:20Z.json
2013-06-19 09:04:21,513 11440 INFO  [DefaultResponseHandler.java: 37] (Thread-11:) Handling response [200]
2013-06-19 09:04:21,516 11443 INFO  [DefaultRequestHandler.java: 112] (Thread-11:) Requesting http://api.xively.com/v2/feeds/1059467473/datastreams/power/datapoints
2013-06-19 09:04:21,898 11825 INFO  [DefaultResponseHandler.java: 37] (Thread-11:) Handling response [200]
2013-06-19 09:04:21,899 11826 INFO  [DefaultRequestHandler.java: 112] (Thread-11:) Requesting http://api.xively.com/v2/feeds/1059467473/datastreams/power/datapoints/2013-06-19T09:04:21Z.json
2013-06-19 09:04:22,158 12085 INFO  [DefaultResponseHandler.java: 37] (Thread-11:) Handling response [200]
2013-06-19 09:04:26,122 16049 INFO  [DefaultRequestHandler.java: 112] (Thread-11:) Requesting http://api.xively.com/v2/feeds/1059467473/datastreams/energy/datapoints
2013-06-19 09:04:26,452 16379 INFO  [DefaultResponseHandler.java: 37] (Thread-11:) Handling response [200]
2013-06-19 09:04:26,454 16381 INFO  [DefaultRequestHandler.java: 112] (Thread-11:) Requesting http://api.xively.com/v2/feeds/1059467473/datastreams/energy/datapoints/2013-06-19T09:04:26Z.json
2013-06-19 09:04:26,730 16657 INFO  [DefaultResponseHandler.java: 37] (Thread-11:) Handling response [200]
2013-06-19 09:04:26,732 16659 INFO  [DefaultRequestHandler.java: 112] (Thread-11:) Requesting http://api.xively.com/v2/feeds/1059467473/datastreams/power/datapoints
2013-06-19 09:04:27,386 17313 INFO  [DefaultResponseHandler.java: 37] (Thread-11:) Handling response [200]
2013-06-19 09:04:27,387 17314 INFO  [DefaultRequestHandler.java: 112] (Thread-11:) Requesting http://api.xively.com/v2/feeds/1059467473/datastreams/power/datapoints/2013-06-19T09:04:26Z.json
2013-06-19 09:04:27,734 17661 INFO  [DefaultResponseHandler.java: 37] (Thread-11:) Handling response [200]
2013-06-19 09:04:31,487 21414 INFO  [DefaultRequestHandler.java: 112] (Thread-11:) Requesting http://api.xively.com/v2/feeds/1059467473/datastreams/energy/datapoints
2013-06-19 09:04:32,041 21968 INFO  [DefaultResponseHandler.java: 37] (Thread-11:) Handling response [200]
2013-06-19 09:04:32,043 21970 INFO  [DefaultRequestHandler.java: 112] (Thread-11:) Requesting http://api.xively.com/v2/feeds/1059467473/datastreams/energy/datapoints/2013-06-19T09:04:31Z.json
2013-06-19 09:04:32,316 22243 INFO  [DefaultResponseHandler.java: 37] (Thread-11:) Handling response [200]
2013-06-19 09:04:32,319 22246 INFO  [DefaultRequestHandler.java: 112] (Thread-11:) Requesting http://api.xively.com/v2/feeds/1059467473/datastreams/power/datapoints
2013-06-19 09:04:32,791 22718 INFO  [DefaultResponseHandler.java: 37] (Thread-11:) Handling response [200]
2013-06-19 09:04:32,792 22719 INFO  [DefaultRequestHandler.java: 112] (Thread-11:) Requesting http://api.xively.com/v2/feeds/1059467473/datastreams/power/datapoints/2013-06-19T09:04:32Z.json
2013-06-19 09:04:33,037 22964 INFO  [DefaultResponseHandler.java: 37] (Thread-11:) Handling response [200]
2013-06-19 09:04:36,835 26762 INFO  [DefaultRequestHandler.java: 112] (Thread-11:) Requesting http://api.xively.com/v2/feeds/1059467473/datastreams/energy/datapoints
2013-06-19 09:04:37,361 27288 INFO  [DefaultResponseHandler.java: 37] (Thread-11:) Handling response [200]
2013-06-19 09:04:37,362 27289 INFO  [DefaultRequestHandler.java: 112] (Thread-11:) Requesting http://api.xively.com/v2/feeds/1059467473/datastreams/energy/datapoints/2013-06-19T09:04:36Z.json
2013-06-19 09:04:37,629 27556 INFO  [DefaultResponseHandler.java: 37] (Thread-11:) Handling response [200]
2013-06-19 09:04:37,630 27557 INFO  [DefaultRequestHandler.java: 112] (Thread-11:) Requesting http://api.xively.com/v2/feeds/1059467473/datastreams/power/datapoints
2013-06-19 09:04:38,155 28082 INFO  [DefaultResponseHandler.java: 37] (Thread-11:) Handling response [200]
2013-06-19 09:04:38,157 28084 INFO  [DefaultRequestHandler.java: 112] (Thread-11:) Requesting http://api.xively.com/v2/feeds/1059467473/datastreams/power/datapoints/2013-06-19T09:04:37Z.json
2013-06-19 09:04:38,503 28430 INFO  [DefaultResponseHandler.java: 37] (Thread-11:) Handling response [200]
2013-06-19 09:04:42,201 32128 INFO  [DefaultRequestHandler.java: 112] (Thread-11:) Requesting http://api.xively.com/v2/feeds/1059467473/datastreams/energy/datapoints
2013-06-19 09:04:42,613 32540 INFO  [DefaultResponseHandler.java: 37] (Thread-11:) Handling response [200]
2013-06-19 09:04:42,614 32541 INFO  [DefaultRequestHandler.java: 112] (Thread-11:) Requesting http://api.xively.com/v2/feeds/1059467473/datastreams/energy/datapoints/2013-06-19T09:04:42Z.json
2013-06-19 09:04:42,857 32784 INFO  [DefaultResponseHandler.java: 37] (Thread-11:) Handling response [200]
2013-06-19 09:04:42,859 32786 INFO  [DefaultRequestHandler.java: 112] (Thread-11:) Requesting http://api.xively.com/v2/feeds/1059467473/datastreams/power/datapoints
2013-06-19 09:04:43,317 33244 INFO  [DefaultResponseHandler.java: 37] (Thread-11:) Handling response [200]
2013-06-19 09:04:43,319 33246 INFO  [DefaultRequestHandler.java: 112] (Thread-11:) Requesting http://api.xively.com/v2/feeds/1059467473/datastreams/power/datapoints/2013-06-19T09:04:42Z.json
2013-06-19 09:04:43,625 33552 INFO  [DefaultResponseHandler.java: 37] (Thread-11:) Handling response [200]
2013-06-19 09:04:47,565 37492 INFO  [DefaultRequestHandler.java: 112] (Thread-11:) Requesting http://api.xively.com/v2/feeds/1059467473/datastreams/energy/datapoints
2013-06-19 09:04:48,006 37933 INFO  [DefaultResponseHandler.java: 37] (Thread-11:) Handling response [200]
2013-06-19 09:04:48,007 37934 INFO  [DefaultRequestHandler.java: 112] (Thread-11:) Requesting http://api.xively.com/v2/feeds/1059467473/datastreams/energy/datapoints/2013-06-19T09:04:47Z.json
2013-06-19 09:04:48,321 38248 INFO  [DefaultResponseHandler.java: 37] (Thread-11:) Handling response [200]
2013-06-19 09:04:48,323 38250 INFO  [DefaultRequestHandler.java: 112] (Thread-11:) Requesting http://api.xively.com/v2/feeds/1059467473/datastreams/power/datapoints
2013-06-19 09:04:48,697 38624 INFO  [DefaultResponseHandler.java: 37] (Thread-11:) Handling response [200]
2013-06-19 09:04:48,698 38625 INFO  [DefaultRequestHandler.java: 112] (Thread-11:) Requesting http://api.xively.com/v2/feeds/1059467473/datastreams/power/datapoints/2013-06-19T09:04:48Z.json
2013-06-19 09:04:48,987 38914 INFO  [DefaultResponseHandler.java: 37] (Thread-11:) Handling response [200]
2013-06-19 09:04:52,916 42843 INFO  [DefaultRequestHandler.java: 112] (Thread-11:) Requesting http://api.xively.com/v2/feeds/1059467473/datastreams/energy/datapoints
2013-06-19 09:04:53,591 43518 INFO  [DefaultResponseHandler.java: 37] (Thread-11:) Handling response [200]
2013-06-19 09:04:53,592 43519 INFO  [DefaultRequestHandler.java: 112] (Thread-11:) Requesting http://api.xively.com/v2/feeds/1059467473/datastreams/energy/datapoints/2013-06-19T09:04:52Z.json
2013-06-19 09:04:53,893 43820 INFO  [DefaultResponseHandler.java: 37] (Thread-11:) Handling response [200]
2013-06-19 09:04:53,897 43824 INFO  [DefaultRequestHandler.java: 112] (Thread-11:) Requesting http://api.xively.com/v2/feeds/1059467473/datastreams/power/datapoints
2013-06-19 09:04:54,295 44222 INFO  [DefaultResponseHandler.java: 37] (Thread-11:) Handling response [200]
2013-06-19 09:04:54,296 44223 INFO  [DefaultRequestHandler.java: 112] (Thread-11:) Requesting http://api.xively.com/v2/feeds/1059467473/datastreams/power/datapoints/2013-06-19T09:04:53Z.json
2013-06-19 09:04:54,661 44588 INFO  [DefaultResponseHandler.java: 37] (Thread-11:) Handling response [200]
2013-06-19 09:04:58,280 48207 INFO  [DefaultRequestHandler.java: 112] (Thread-11:) Requesting http://api.xively.com/v2/feeds/1059467473/datastreams/energy/datapoints
2013-06-19 09:04:58,938 48865 INFO  [DefaultResponseHandler.java: 37] (Thread-11:) Handling response [200]
2013-06-19 09:04:58,940 48867 INFO  [DefaultRequestHandler.java: 112] (Thread-11:) Requesting http://api.xively.com/v2/feeds/1059467473/datastreams/energy/datapoints/2013-06-19T09:04:58Z.json
2013-06-19 09:04:59,307 49234 INFO  [DefaultResponseHandler.java: 37] (Thread-11:) Handling response [200]
2013-06-19 09:04:59,310 49237 INFO  [DefaultRequestHandler.java: 112] (Thread-11:) Requesting http://api.xively.com/v2/feeds/1059467473/datastreams/power/datapoints
2013-06-19 09:04:59,934 49861 INFO  [DefaultResponseHandler.java: 37] (Thread-11:) Handling response [200]
2013-06-19 09:04:59,935 49862 INFO  [DefaultRequestHandler.java: 112] (Thread-11:) Requesting http://api.xively.com/v2/feeds/1059467473/datastreams/power/datapoints/2013-06-19T09:04:59Z.json
2013-06-19 09:05:00,286 50213 INFO  [DefaultResponseHandler.java: 37] (Thread-11:) Handling response [200]
2013-06-19 09:05:03,645 53572 INFO  [DefaultRequestHandler.java: 112] (Thread-11:) Requesting http://api.xively.com/v2/feeds/1059467473/datastreams/energy/datapoints
2013-06-19 09:05:04,170 54097 INFO  [DefaultResponseHandler.java: 37] (Thread-11:) Handling response [200]
2013-06-19 09:05:04,181 54108 INFO  [DefaultRequestHandler.java: 112] (Thread-11:) Requesting http://api.xively.com/v2/feeds/1059467473/datastreams/energy/datapoints/2013-06-19T09:05:03Z.json
2013-06-19 09:05:04,488 54415 INFO  [DefaultResponseHandler.java: 37] (Thread-11:) Handling response [200]
2013-06-19 09:05:04,489 54416 INFO  [DefaultRequestHandler.java: 112] (Thread-11:) Requesting http://api.xively.com/v2/feeds/1059467473/datastreams/power/datapoints
2013-06-19 09:05:04,991 54918 INFO  [DefaultResponseHandler.java: 37] (Thread-11:) Handling response [200]
2013-06-19 09:05:04,992 54919 INFO  [DefaultRequestHandler.java: 112] (Thread-11:) Requesting http://api.xively.com/v2/feeds/1059467473/datastreams/power/datapoints/2013-06-19T09:05:04Z.json
2013-06-19 09:05:05,298 55225 INFO  [DefaultResponseHandler.java: 37] (Thread-11:) Handling response [200]
2013-06-19 09:05:08,994 58921 INFO  [DefaultRequestHandler.java: 112] (Thread-11:) Requesting http://api.xively.com/v2/feeds/1059467473/datastreams/energy/datapoints
2013-06-19 09:05:09,480 59407 INFO  [DefaultResponseHandler.java: 37] (Thread-11:) Handling response [200]
2013-06-19 09:05:09,481 59408 INFO  [DefaultRequestHandler.java: 112] (Thread-11:) Requesting http://api.xively.com/v2/feeds/1059467473/datastreams/energy/datapoints/2013-06-19T09:05:08Z.json
2013-06-19 09:05:09,824 59751 INFO  [DefaultResponseHandler.java: 37] (Thread-11:) Handling response [200]
2013-06-19 09:05:09,826 59753 INFO  [DefaultRequestHandler.java: 112] (Thread-11:) Requesting http://api.xively.com/v2/feeds/1059467473/datastreams/power/datapoints
2013-06-19 09:05:10,309 60236 INFO  [DefaultResponseHandler.java: 37] (Thread-11:) Handling response [200]
2013-06-19 09:05:10,310 60237 INFO  [DefaultRequestHandler.java: 112] (Thread-11:) Requesting http://api.xively.com/v2/feeds/1059467473/datastreams/power/datapoints/2013-06-19T09:05:09Z.json
2013-06-19 09:05:10,655 60582 INFO  [DefaultResponseHandler.java: 37] (Thread-11:) Handling response [200]
2013-06-19 09:05:14,358 64285 INFO  [DefaultRequestHandler.java: 112] (Thread-11:) Requesting http://api.xively.com/v2/feeds/1059467473/datastreams/energy/datapoints
2013-06-19 09:05:15,258 65185 INFO  [DefaultResponseHandler.java: 37] (Thread-11:) Handling response [200]
2013-06-19 09:05:15,259 65186 INFO  [DefaultRequestHandler.java: 112] (Thread-11:) Requesting http://api.xively.com/v2/feeds/1059467473/datastreams/energy/datapoints/2013-06-19T09:05:14Z.json
2013-06-19 09:05:15,670 65597 INFO  [DefaultResponseHandler.java: 37] (Thread-11:) Handling response [200]
2013-06-19 09:05:15,672 65599 INFO  [DefaultRequestHandler.java: 112] (Thread-11:) Requesting http://api.xively.com/v2/feeds/1059467473/datastreams/power/datapoints
2013-06-19 09:05:16,437 66364 INFO  [DefaultResponseHandler.java: 37] (Thread-11:) Handling response [200]
2013-06-19 09:05:16,438 66365 INFO  [DefaultRequestHandler.java: 112] (Thread-11:) Requesting http://api.xively.com/v2/feeds/1059467473/datastreams/power/datapoints/2013-06-19T09:05:15Z.json
2013-06-19 09:05:16,756 66683 INFO  [DefaultResponseHandler.java: 37] (Thread-11:) Handling response [200]
2013-06-19 09:07:44,655 0     INFO  [DefaultRequestHandler.java: 112] (Thread-11:) Requesting http://api.xively.com/v2/feeds/1059467473/datastreams/power/datapoints
2013-06-19 09:07:45,971 1316  INFO  [DefaultResponseHandler.java: 37] (Thread-11:) Handling response [200]
2013-06-19 09:07:45,975 1320  INFO  [DefaultRequestHandler.java: 112] (Thread-11:) Requesting http://api.xively.com/v2/feeds/1059467473/datastreams/power/datapoints/2013-06-19T09:07:44Z.json
2013-06-19 09:07:46,410 1755  INFO  [DefaultResponseHandler.java: 37] (Thread-11:) Handling response [200]
2013-06-19 09:07:49,780 5125  INFO  [DefaultRequestHandler.java: 112] (Thread-11:) Requesting http://api.xively.com/v2/feeds/1059467473/datastreams/energy/datapoints
2013-06-19 09:07:50,248 5593  INFO  [DefaultResponseHandler.java: 37] (Thread-11:) Handling response [200]
2013-06-19 09:07:50,249 5594  INFO  [DefaultRequestHandler.java: 112] (Thread-11:) Requesting http://api.xively.com/v2/feeds/1059467473/datastreams/energy/datapoints/2013-06-19T09:07:49Z.json
2013-06-19 09:07:50,500 5845  INFO  [DefaultResponseHandler.java: 37] (Thread-11:) Handling response [200]
2013-06-19 09:07:50,501 5846  INFO  [DefaultRequestHandler.java: 112] (Thread-11:) Requesting http://api.xively.com/v2/feeds/1059467473/datastreams/power/datapoints
2013-06-19 09:07:50,853 6198  INFO  [DefaultResponseHandler.java: 37] (Thread-11:) Handling response [200]
2013-06-19 09:07:50,854 6199  INFO  [DefaultRequestHandler.java: 112] (Thread-11:) Requesting http://api.xively.com/v2/feeds/1059467473/datastreams/power/datapoints/2013-06-19T09:07:50Z.json
2013-06-19 09:07:51,174 6519  INFO  [DefaultResponseHandler.java: 37] (Thread-11:) Handling response [200]
2013-06-19 09:07:55,129 10474 INFO  [DefaultRequestHandler.java: 112] (Thread-11:) Requesting http://api.xively.com/v2/feeds/1059467473/datastreams/energy/datapoints
2013-06-19 09:07:55,635 10980 INFO  [DefaultResponseHandler.java: 37] (Thread-11:) Handling response [200]
2013-06-19 09:07:55,636 10981 INFO  [DefaultRequestHandler.java: 112] (Thread-11:) Requesting http://api.xively.com/v2/feeds/1059467473/datastreams/energy/datapoints/2013-06-19T09:07:55Z.json
2013-06-19 09:07:55,976 11321 INFO  [DefaultResponseHandler.java: 37] (Thread-11:) Handling response [200]
2013-06-19 09:07:55,980 11325 INFO  [DefaultRequestHandler.java: 112] (Thread-11:) Requesting http://api.xively.com/v2/feeds/1059467473/datastreams/power/datapoints
2013-06-19 09:07:56,375 11720 INFO  [DefaultResponseHandler.java: 37] (Thread-11:) Handling response [200]
2013-06-19 09:07:56,376 11721 INFO  [DefaultRequestHandler.java: 112] (Thread-11:) Requesting http://api.xively.com/v2/feeds/1059467473/datastreams/power/datapoints/2013-06-19T09:07:55Z.json
2013-06-19 09:07:56,676 12021 INFO  [DefaultResponseHandler.java: 37] (Thread-11:) Handling response [200]
2013-06-19 09:08:00,493 15838 INFO  [DefaultRequestHandler.java: 112] (Thread-11:) Requesting http://api.xively.com/v2/feeds/1059467473/datastreams/energy/datapoints
2013-06-19 09:08:01,152 16497 INFO  [DefaultResponseHandler.java: 37] (Thread-11:) Handling response [200]
2013-06-19 09:08:01,152 16497 INFO  [DefaultRequestHandler.java: 112] (Thread-11:) Requesting http://api.xively.com/v2/feeds/1059467473/datastreams/energy/datapoints/2013-06-19T09:08:00Z.json
2013-06-19 09:08:01,416 16761 INFO  [DefaultResponseHandler.java: 37] (Thread-11:) Handling response [200]
2013-06-19 09:08:01,417 16762 INFO  [DefaultRequestHandler.java: 112] (Thread-11:) Requesting http://api.xively.com/v2/feeds/1059467473/datastreams/power/datapoints
2013-06-19 09:08:01,973 17318 INFO  [DefaultResponseHandler.java: 37] (Thread-11:) Handling response [200]
2013-06-19 09:08:01,974 17319 INFO  [DefaultRequestHandler.java: 112] (Thread-11:) Requesting http://api.xively.com/v2/feeds/1059467473/datastreams/power/datapoints/2013-06-19T09:08:01Z.json
2013-06-19 09:08:02,270 17615 INFO  [DefaultResponseHandler.java: 37] (Thread-11:) Handling response [200]
2013-06-19 09:08:05,858 21203 INFO  [DefaultRequestHandler.java: 112] (Thread-11:) Requesting http://api.xively.com/v2/feeds/1059467473/datastreams/energy/datapoints
